GROUP,PACKAGE,CLASS,INSTRUCTION_MISSED,INSTRUCTION_COVERED,BRANCH_MISSED,BRANCH_COVERED,LINE_MISSED,LINE_COVERED,COMPLEXITY_MISSED,COMPLEXITY_COVERED,METHOD_MISSED,METHOD_COVERED
catwatch-backend,org.zalando.catwatch.backend.util,StringParser,26,47,1,5,6,8,4,3,3,1
catwatch-backend,org.zalando.catwatch.backend.util,JavaScriptExecutor,61,0,0,0,15,0,4,0,4,0
catwatch-backend,org.zalando.catwatch.backend.util,ContributorStats,315,25,25,1,60,7,24,2,11,2
catwatch-backend,org.zalando.catwatch.backend.util,ProjectStats,220,25,11,1,47,7,19,2,13,2
catwatch-backend,org.zalando.catwatch.backend.util,JsonDateListSerializer,31,0,2,0,9,0,3,0,2,0
catwatch-backend,org.zalando.catwatch.backend.util,LanguageStats,187,59,17,3,44,16,14,3,4,3
catwatch-backend,org.zalando.catwatch.backend.util,Constants,3,0,0,0,1,0,1,0,1,0
catwatch-backend,org.zalando.catwatch.backend.repo.builder,ProjectBuilder,279,0,0,0,72,0,23,0,23,0
catwatch-backend,org.zalando.catwatch.backend.repo.builder,ContributorBuilder,220,0,0,0,47,0,16,0,16,0
catwatch-backend,org.zalando.catwatch.backend.repo.builder,StatisticsBuilder,284,0,0,0,59,0,17,0,17,0
catwatch-backend,org.zalando.catwatch.backend.repo.builder,BuilderUtil,148,0,4,0,22,0,9,0,7,0
catwatch-backend,org.zalando.catwatch.backend.web.config,CorsFilter,1,28,0,0,1,9,1,3,1,3
catwatch-backend,org.zalando.catwatch.backend.web.config,DateUtil,11,17,0,0,3,5,2,2,2,2
catwatch-backend,org.zalando.catwatch.backend.web.config,ConfigController,0,39,0,0,0,8,0,3,0,3
catwatch-backend,org.zalando.catwatch.backend.web,StatisticsApi,81,229,8,18,7,52,10,14,2,9
catwatch-backend,org.zalando.catwatch.backend.web,LanguagesApi.LanguagePercentComparator,11,6,2,0,2,1,2,1,1,1
catwatch-backend,org.zalando.catwatch.backend.web,LanguagesApi,1,69,1,1,0,13,1,3,0,3
catwatch-backend,org.zalando.catwatch.backend.web,ContributorsApi,467,280,38,24,67,41,38,17,14,10
catwatch-backend,org.zalando.catwatch.backend.web,ProjectsApi,0,36,0,0,0,9,0,2,0,2
catwatch-backend,org.zalando.catwatch.backend,DebugBean,105,0,0,0,14,0,2,0,2,0
catwatch-backend,org.zalando.catwatch.backend,CatWatchBackendApplication,6,12,0,0,2,5,1,2,1,2
catwatch-backend,org.zalando.catwatch.backend.web.admin,AdminController,10,55,0,0,2,13,2,5,2,5
catwatch-backend,org.zalando.catwatch.backend.web.admin,DatabaseDto,0,18,0,0,0,4,0,1,0,1
catwatch-backend,org.zalando.catwatch.backend.security,OAuthConfiguration,0,44,0,0,0,12,0,3,0,3
catwatch-backend,org.zalando.catwatch.backend.web.fetch,FetchController,5,6,0,0,2,3,1,1,1,1
catwatch-backend,org.zalando.catwatch.backend.service.comparator,ProjectCommitComparator,11,0,0,0,2,0,2,0,2,0
catwatch-backend,org.zalando.catwatch.backend.service.comparator,ProjectForkComparator,11,0,0,0,2,0,2,0,2,0
catwatch-backend,org.zalando.catwatch.backend.service.comparator,ProjectScoreComparator,8,3,0,0,1,1,1,1,1,1
catwatch-backend,org.zalando.catwatch.backend.service.comparator,ProjectContributorComparator,11,0,0,0,2,0,2,0,2,0
catwatch-backend,org.zalando.catwatch.backend.service.comparator,ProjectStarComparator,11,0,0,0,2,0,2,0,2,0
catwatch-backend,org.zalando.catwatch.backend.scheduler,RetryableFetcher,79,21,0,0,17,8,7,1,7,1
catwatch-backend,org.zalando.catwatch.backend.scheduler,CronConfig.CustomExitCodeGenerator,9,0,0,0,4,0,2,0,2,0
catwatch-backend,org.zalando.catwatch.backend.scheduler,CronConfig,14,0,0,0,3,0,2,0,2,0
catwatch-backend,org.zalando.catwatch.backend.scheduler,TaskScheduler,4,6,0,0,2,3,1,1,1,1
catwatch-backend,org.zalando.catwatch.backend.scheduler,CrawlerRetryException,4,0,0,0,2,0,1,0,1,0
catwatch-backend,org.zalando.catwatch.backend.scheduler,CronConfig.new CommandLineRunner() {...},56,0,0,0,9,0,2,0,2,0
catwatch-backend,org.zalando.catwatch.backend.scheduler,Fetcher,166,22,4,0,33,8,5,2,3,2
catwatch-backend,org.zalando.catwatch.backend.github,TakeSnapshotTask,612,0,12,0,141,0,20,0,14,0
catwatch-backend,org.zalando.catwatch.backend.github,RepositoryWrapper,153,0,6,0,41,0,20,0,17,0
catwatch-backend,org.zalando.catwatch.backend.github,SnapshotProvider,89,102,8,4,20,26,6,5,1,4
catwatch-backend,org.zalando.catwatch.backend.github,Snapshot,27,0,0,0,10,0,5,0,5,0
catwatch-backend,org.zalando.catwatch.backend.github,OrganizationWrapper,134,0,8,0,36,0,16,0,12,0
catwatch-backend,org.zalando.catwatch.backend.postgres,FlywayConfiguration,0,10,0,0,0,2,0,2,0,2
catwatch-backend,org.zalando.catwatch.backend.postgres,OptionalFlywayMigrationInitializer,0,12,1,1,0,5,1,2,0,2
catwatch-backend,org.zalando.catwatch.backend.repo.util,DatabasePing,11,16,0,2,4,6,1,3,1,2
catwatch-backend,org.zalando.catwatch.backend.repo.util,DatabasePopulator,127,15,8,0,43,6,5,1,1,1
catwatch-backend,org.zalando.catwatch.backend.model,ContributorKey,15,27,0,0,5,12,1,7,1,7
catwatch-backend,org.zalando.catwatch.backend.model,Project,149,77,0,0,46,35,23,17,23,17
catwatch-backend,org.zalando.catwatch.backend.model,QStatistics,136,0,6,0,25,0,9,0,6,0
catwatch-backend,org.zalando.catwatch.backend.model,Contributor,150,111,5,5,18,38,7,20,2,20
catwatch-backend,org.zalando.catwatch.backend.model,QContributor,159,0,0,0,15,0,4,0,4,0
catwatch-backend,org.zalando.catwatch.backend.model,QStatisticsKey,60,0,0,0,9,0,4,0,4,0
catwatch-backend,org.zalando.catwatch.backend.model,StatisticsKey,12,20,0,0,4,9,1,5,1,5
catwatch-backend,org.zalando.catwatch.backend.model,Language,90,0,0,0,24,0,9,0,9,0
catwatch-backend,org.zalando.catwatch.backend.model,Statistics,110,153,3,3,19,56,5,29,2,29
catwatch-backend,org.zalando.catwatch.backend.model,QProject,232,122,0,0,4,22,2,2,2,2
catwatch-backend,org.zalando.catwatch.backend.model,CatwatchYaml,17,0,0,0,7,0,5,0,5,0
catwatch-backend,org.zalando.catwatch.backend.repo,StatisticsRepositoryImpl,92,3,4,0,14,1,4,1,2,1
catwatch-backend,org.zalando.catwatch.backend.repo,ProjectRepositoryImpl,43,137,5,5,6,28,3,7,0,5
catwatch-backend,org.zalando.catwatch.backend.repo,ContributorRepositoryImpl,176,115,19,7,26,26,14,4,1,4
catwatch-backend,org.zalando.catwatch.backend.model.util,Scorer,38,3,0,0,6,1,2,1,2,1
catwatch-backend,org.zalando.catwatch.backend.model.util,JsonDateSerializer,0,16,0,0,0,5,0,2,0,2
catwatch-backend,org.zalando.catwatch.backend.model.util,JsonDateDeserializer,7,15,0,0,2,4,0,2,0,2
catwatch-backend,org.zalando.catwatch.backend.mail,MailConfiguration,0,50,0,0,0,12,0,2,0,2
catwatch-backend,org.zalando.catwatch.backend.mail,MailSender,47,12,0,0,8,5,2,1,2,1
catwatch-backend,org.zalando.catwatch.backend.service,ProjectServiceImpl,119,278,13,27,18,55,13,20,1,10
catwatch-backend,org.zalando.catwatch.backend.service,LanguageService,73,85,6,6,14,18,5,5,0,4
catwatch-backend,org.zalando.catwatch.backend.service,ProjectSortColumn,3,0,0,0,1,0,1,0,1,0
catwatch-backend,org.zalando.catwatch.backend.service,StatisticsService,404,60,43,9,87,16,27,6,5,2
