<?xml version="1.0" encoding="UTF-8"?>
<testsuite xmlns:xsi="http://www.w3.org/2001/XMLSchema-instance" xsi:noNamespaceSchemaLocation="https://maven.apache.org/surefire/maven-surefire-plugin/xsd/surefire-test-report.xsd" name="org.zalando.catwatch.backend.seed01_EvoMaster_others_Test" time="11.498" tests="47" errors="0" skipped="1" failures="13">
  <properties>
[...]
</properties>
  <testcase name="test_4" classname="org.zalando.catwatch.backend.seed01_EvoMaster_others_Test" time="1.269"/>
  <testcase name="test_0" classname="org.zalando.catwatch.backend.seed01_EvoMaster_others_Test" time="0">
    <skipped/>
  </testcase>
  <testcase name="test_2" classname="org.zalando.catwatch.backend.seed01_EvoMaster_others_Test" time="0.329"/>
  <testcase name="test_5" classname="org.zalando.catwatch.backend.seed01_EvoMaster_others_Test" time="0.432"/>
  <testcase name="test_1" classname="org.zalando.catwatch.backend.seed01_EvoMaster_others_Test" time="0.434"/>
  <testcase name="test_12" classname="org.zalando.catwatch.backend.seed01_EvoMaster_others_Test" time="0.028"/>
  <testcase name="test_3" classname="org.zalando.catwatch.backend.seed01_EvoMaster_others_Test" time="0.322"/>
  <testcase name="test_9" classname="org.zalando.catwatch.backend.seed01_EvoMaster_others_Test" time="0.076">
    <failure message="1 expectation failed.&#10;JSON path &apos;message&apos; doesn&apos;t match.&#10;Expected: a string containing &quot;Failed to convert value of type &apos;java.lang.String&apos; to required type &apos;java.util.Date&apos;; nested exception is org.springframework.core.convert.ConversionFailedException: Failed to convert from type [java.lang.String] to type [@io.swagger.annotations.ApiParam @org.springframework.web.bind.annotation.RequestParam @org.springframework.format.annotation.DateTimeFormat java.util.Date] for value &apos;2053-04-13T04:60:34&apos;; nested exception is java.lang.IllegalArgumentException: Parse attempt failed for value [2053-04-13T04:60:34]&quot;&#10;  Actual: Failed to convert value of type &apos;java.lang.String&apos; to required type &apos;java.util.Date&apos;; nested exception is org.springframework.core.convert.ConversionFailedException: Failed to convert from type [java.lang.String] to type [@io.swagger.annotations.ApiParam @org.springframework.web.bind.annotation.RequestParam @org.springframework.format.annotation.DateTimeFormat java.util.Date] for value &apos;2053-04-13T04:60:34&apos;; nested exception is org.joda.time.IllegalFieldValueException: Cannot parse &quot;2053-04-13T04:60:34&quot;: Value 60 for minuteOfHour must be in the range [0,59]&#10;" type="java.lang.AssertionError">java.lang.AssertionError: 
1 expectation failed.
JSON path 'message' doesn't match.
Expected: a string containing "Failed to convert value of type 'java.lang.String' to required type 'java.util.Date'; nested exception is org.springframework.core.convert.ConversionFailedException: Failed to convert from type [java.lang.String] to type [@io.swagger.annotations.ApiParam @org.springframework.web.bind.annotation.RequestParam @org.springframework.format.annotation.DateTimeFormat java.util.Date] for value '2053-04-13T04:60:34'; nested exception is java.lang.IllegalArgumentException: Parse attempt failed for value [2053-04-13T04:60:34]"
  Actual: Failed to convert value of type 'java.lang.String' to required type 'java.util.Date'; nested exception is org.springframework.core.convert.ConversionFailedException: Failed to convert from type [java.lang.String] to type [@io.swagger.annotations.ApiParam @org.springframework.web.bind.annotation.RequestParam @org.springframework.format.annotation.DateTimeFormat java.util.Date] for value '2053-04-13T04:60:34'; nested exception is org.joda.time.IllegalFieldValueException: Cannot parse "2053-04-13T04:60:34": Value 60 for minuteOfHour must be in the range [0,59]

	at org.zalando.catwatch.backend.seed01_EvoMaster_others_Test.test_9(seed01_EvoMaster_others_Test.java:373)
</failure>
    <system-out><![CDATA[11:39:08.996 [http-nio-auto-4-exec-7] WARN  o.s.w.s.m.s.DefaultHandlerExceptionResolver - Failed to bind request element: org.springframework.web.method.annotation.MethodArgumentTypeMismatchException: Failed to convert value of type 'java.lang.String' to required type 'java.util.Date'; nested exception is org.springframework.core.convert.ConversionFailedException: Failed to convert from type [java.lang.String] to type [@io.swagger.annotations.ApiParam @org.springframework.web.bind.annotation.RequestParam @org.springframework.format.annotation.DateTimeFormat java.util.Date] for value '2053-04-13T04:60:34'; nested exception is org.joda.time.IllegalFieldValueException: Cannot parse "2053-04-13T04:60:34": Value 60 for minuteOfHour must be in the range [0,59]
Request method:	GET
Request URI:	http://localhost:43347/projects?organizations=Hh1&offset=695&start_date=1999-05-14T22%3A57%3A06&end_date=2053-04-13T04%3A60%3A34&sortBy=_EM_785_XYZ_&language=6uTnw
Proxy:			<none>
Request params:	<none>
Query params:	<none>
Form params:	<none>
Path params:	<none>
Headers:		Accept=application/json
				x-EMextraHeader123=a3N9XaT44EAzL2
Cookies:		<none>
Multiparts:		<none>
Body:			<none>

HTTP/1.1 400 
X-Content-Type-Options: nosniff
X-XSS-Protection: 1; mode=block
Cache-Control: no-cache, no-store, max-age=0, must-revalidate
Pragma: no-cache
Expires: 0
X-Frame-Options: DENY
Access-Control-Allow-Origin: *
Access-Control-Allow-Methods: POST, GET, OPTIONS, DELETE
Access-Control-Max-Age: 3600
Access-Control-Allow-Headers: x-requested-with
X-Application-Context: application:0
Content-Type: application/json;charset=UTF-8
Transfer-Encoding: chunked
Date: Fri, 04 Apr 2025 14:39:08 GMT
Connection: close

{
    "timestamp": 1743777548999,
    "status": 400,
    "error": "Bad Request",
    "exception": "org.springframework.web.method.annotation.MethodArgumentTypeMismatchException",
    "message": "Failed to convert value of type 'java.lang.String' to required type 'java.util.Date'; nested exception is org.springframework.core.convert.ConversionFailedException: Failed to convert from type [java.lang.String] to type [@io.swagger.annotations.ApiParam @org.springframework.web.bind.annotation.RequestParam @org.springframework.format.annotation.DateTimeFormat java.util.Date] for value '2053-04-13T04:60:34'; nested exception is org.joda.time.IllegalFieldValueException: Cannot parse \"2053-04-13T04:60:34\": Value 60 for minuteOfHour must be in the range [0,59]",
    "path": "/projects"
}
]]></system-out>
  </testcase>
  <testcase name="test_9" classname="org.zalando.catwatch.backend.seed01_EvoMaster_others_Test" time="0.076"/>
  <testcase name="test_8" classname="org.zalando.catwatch.backend.seed01_EvoMaster_others_Test" time="0.444"/>
  <testcase name="test_17" classname="org.zalando.catwatch.backend.seed01_EvoMaster_others_Test" time="0.034"/>
  <testcase name="test_18" classname="org.zalando.catwatch.backend.seed01_EvoMaster_others_Test" time="0.027"/>
  <testcase name="test_19" classname="org.zalando.catwatch.backend.seed01_EvoMaster_others_Test" time="0.387">
    <failure message="1 expectation failed.&#10;JSON path &apos;error_description&apos; doesn&apos;t match.&#10;Expected: a string containing &quot;Unable to obtain a new access token for resource &apos;null&apos;. The provider manager is not configured to support it.&quot;&#10;  Actual: Unable to obtain a new access token for resource &amp;#39;null&amp;#39;. The provider manager is not configured to support it.&#10;" type="java.lang.AssertionError"><![CDATA[java.lang.AssertionError: 
1 expectation failed.
JSON path 'error_description' doesn't match.
Expected: a string containing "Unable to obtain a new access token for resource 'null'. The provider manager is not configured to support it."
  Actual: Unable to obtain a new access token for resource &#39;null&#39;. The provider manager is not configured to support it.

	at org.zalando.catwatch.backend.seed01_EvoMaster_others_Test.test_19(seed01_EvoMaster_others_Test.java:603)
]]></failure>
    <system-out><![CDATA[11:39:09.569 [http-nio-auto-4-exec-1] INFO  o.z.s.o.s.s.TokenInfoResourceServerTokenServices - Getting token info from: https://info.services.auth.zalando.com/oauth2/tokeninfo
Request method:	GET
Request URI:	http://localhost:43347/export?access_token=_EM_812_XYZ_
Proxy:			<none>
Request params:	<none>
Query params:	<none>
Form params:	<none>
Path params:	<none>
Headers:		Accept=application/json;charset=utf-8
				x-EMextraHeader123=_EM_25_XYZ_
Cookies:		<none>
Multiparts:		<none>
Body:			<none>

HTTP/1.1 403 
X-Content-Type-Options: nosniff
X-XSS-Protection: 1; mode=block
Cache-Control: no-cache, no-store, max-age=0, must-revalidate
Pragma: no-cache
Expires: 0
X-Frame-Options: DENY
Cache-Control: no-store
Pragma: no-cache
WWW-Authenticate: Bearer realm="oauth2-resource"
Content-Type: application/json;charset=UTF-8
Transfer-Encoding: chunked
Date: Fri, 04 Apr 2025 14:39:09 GMT

{
    "error": "access_denied",
    "error_description": "Unable to obtain a new access token for resource &#39;null&#39;. The provider manager is not configured to support it."
}
]]></system-out>
  </testcase>
  <testcase name="test_19" classname="org.zalando.catwatch.backend.seed01_EvoMaster_others_Test" time="0.387"/>
  <testcase name="test_20" classname="org.zalando.catwatch.backend.seed01_EvoMaster_others_Test" time="0.314">
    <failure message="1 expectation failed.&#10;JSON path &apos;error_description&apos; doesn&apos;t match.&#10;Expected: a string containing &quot;Unable to obtain a new access token for resource &apos;null&apos;. The provider manager is not configured to support it.&quot;&#10;  Actual: Unable to obtain a new access token for resource &amp;#39;null&amp;#39;. The provider manager is not configured to support it.&#10;" type="java.lang.AssertionError"><![CDATA[java.lang.AssertionError: 
1 expectation failed.
JSON path 'error_description' doesn't match.
Expected: a string containing "Unable to obtain a new access token for resource 'null'. The provider manager is not configured to support it."
  Actual: Unable to obtain a new access token for resource &#39;null&#39;. The provider manager is not configured to support it.

	at org.zalando.catwatch.backend.seed01_EvoMaster_others_Test.test_20(seed01_EvoMaster_others_Test.java:643)
]]></failure>
    <system-out><![CDATA[11:39:09.956 [http-nio-auto-4-exec-2] INFO  o.z.s.o.s.s.TokenInfoResourceServerTokenServices - Getting token info from: https://info.services.auth.zalando.com/oauth2/tokeninfo
Request method:	GET
Request URI:	http://localhost:43347/projects?offset=942&sortBy=_EM_673_XYZ_&q=_nnX1va2eHqaFS&language=v&access_token=_EM_675_XYZ_
Proxy:			<none>
Request params:	<none>
Query params:	<none>
Form params:	<none>
Path params:	<none>
Headers:		Accept=application/json
				x-EMextraHeader123=_EM_38_XYZ_
Cookies:		<none>
Multiparts:		<none>
Body:			<none>

HTTP/1.1 403 
X-Content-Type-Options: nosniff
X-XSS-Protection: 1; mode=block
Cache-Control: no-cache, no-store, max-age=0, must-revalidate
Pragma: no-cache
Expires: 0
X-Frame-Options: DENY
Cache-Control: no-store
Pragma: no-cache
WWW-Authenticate: Bearer realm="oauth2-resource"
Content-Type: application/json;charset=UTF-8
Transfer-Encoding: chunked
Date: Fri, 04 Apr 2025 14:39:09 GMT

{
    "error": "access_denied",
    "error_description": "Unable to obtain a new access token for resource &#39;null&#39;. The provider manager is not configured to support it."
}
]]></system-out>
  </testcase>
  <testcase name="test_20" classname="org.zalando.catwatch.backend.seed01_EvoMaster_others_Test" time="0.314"/>
  <testcase name="test_21" classname="org.zalando.catwatch.backend.seed01_EvoMaster_others_Test" time="0.03"/>
  <testcase name="test_22" classname="org.zalando.catwatch.backend.seed01_EvoMaster_others_Test" time="0.072"/>
  <testcase name="test_23" classname="org.zalando.catwatch.backend.seed01_EvoMaster_others_Test" time="0.017"/>
  <testcase name="test_24" classname="org.zalando.catwatch.backend.seed01_EvoMaster_others_Test" time="0.355">
    <failure message="1 expectation failed.&#10;JSON path &apos;error_description&apos; doesn&apos;t match.&#10;Expected: a string containing &quot;Unable to obtain a new access token for resource &apos;null&apos;. The provider manager is not configured to support it.&quot;&#10;  Actual: Unable to obtain a new access token for resource &amp;#39;null&amp;#39;. The provider manager is not configured to support it.&#10;" type="java.lang.AssertionError"><![CDATA[java.lang.AssertionError: 
1 expectation failed.
JSON path 'error_description' doesn't match.
Expected: a string containing "Unable to obtain a new access token for resource 'null'. The provider manager is not configured to support it."
  Actual: Unable to obtain a new access token for resource &#39;null&#39;. The provider manager is not configured to support it.

	at org.zalando.catwatch.backend.seed01_EvoMaster_others_Test.test_24(seed01_EvoMaster_others_Test.java:868)
]]></failure>
    <system-out><![CDATA[11:39:10.391 [http-nio-auto-4-exec-6] INFO  o.z.s.o.s.s.TokenInfoResourceServerTokenServices - Getting token info from: https://info.services.auth.zalando.com/oauth2/tokeninfo
Request method:	GET
Request URI:	http://localhost:43347/languages?organizations=_EM_579_XYZ_&access_token=_EM_581_XYZ_
Proxy:			<none>
Request params:	<none>
Query params:	<none>
Form params:	<none>
Path params:	<none>
Headers:		Accept=application/json
				x-EMextraHeader123=
Cookies:		<none>
Multiparts:		<none>
Body:			<none>

HTTP/1.1 403 
X-Content-Type-Options: nosniff
X-XSS-Protection: 1; mode=block
Cache-Control: no-cache, no-store, max-age=0, must-revalidate
Pragma: no-cache
Expires: 0
X-Frame-Options: DENY
Cache-Control: no-store
Pragma: no-cache
WWW-Authenticate: Bearer realm="oauth2-resource"
Content-Type: application/json;charset=UTF-8
Transfer-Encoding: chunked
Date: Fri, 04 Apr 2025 14:39:09 GMT

{
    "error": "access_denied",
    "error_description": "Unable to obtain a new access token for resource &#39;null&#39;. The provider manager is not configured to support it."
}
]]></system-out>
  </testcase>
  <testcase name="test_24" classname="org.zalando.catwatch.backend.seed01_EvoMaster_others_Test" time="0.355"/>
  <testcase name="test_25" classname="org.zalando.catwatch.backend.seed01_EvoMaster_others_Test" time="0.436">
    <failure message="1 expectation failed.&#10;JSON path &apos;error_description&apos; doesn&apos;t match.&#10;Expected: a string containing &quot;Unable to obtain a new access token for resource &apos;null&apos;. The provider manager is not configured to support it.&quot;&#10;  Actual: Unable to obtain a new access token for resource &amp;#39;null&amp;#39;. The provider manager is not configured to support it.&#10;" type="java.lang.AssertionError"><![CDATA[java.lang.AssertionError: 
1 expectation failed.
JSON path 'error_description' doesn't match.
Expected: a string containing "Unable to obtain a new access token for resource 'null'. The provider manager is not configured to support it."
  Actual: Unable to obtain a new access token for resource &#39;null&#39;. The provider manager is not configured to support it.

	at org.zalando.catwatch.backend.seed01_EvoMaster_others_Test.test_25(seed01_EvoMaster_others_Test.java:884)
]]></failure>
    <system-out><![CDATA[11:39:10.742 [http-nio-auto-4-exec-7] INFO  o.z.s.o.s.s.TokenInfoResourceServerTokenServices - Getting token info from: https://info.services.auth.zalando.com/oauth2/tokeninfo
Request method:	GET
Request URI:	http://localhost:43347/statistics/projects?access_token=_EM_248_XYZ_
Proxy:			<none>
Request params:	<none>
Query params:	<none>
Form params:	<none>
Path params:	<none>
Headers:		Accept=application/json
				x-EMextraHeader123=
Cookies:		<none>
Multiparts:		<none>
Body:			<none>

HTTP/1.1 403 
X-Content-Type-Options: nosniff
X-XSS-Protection: 1; mode=block
Cache-Control: no-cache, no-store, max-age=0, must-revalidate
Pragma: no-cache
Expires: 0
X-Frame-Options: DENY
Cache-Control: no-store
Pragma: no-cache
WWW-Authenticate: Bearer realm="oauth2-resource"
Content-Type: application/json;charset=UTF-8
Transfer-Encoding: chunked
Date: Fri, 04 Apr 2025 14:39:11 GMT

{
    "error": "access_denied",
    "error_description": "Unable to obtain a new access token for resource &#39;null&#39;. The provider manager is not configured to support it."
}
]]></system-out>
  </testcase>
  <testcase name="test_25" classname="org.zalando.catwatch.backend.seed01_EvoMaster_others_Test" time="0.436"/>
  <testcase name="test_26" classname="org.zalando.catwatch.backend.seed01_EvoMaster_others_Test" time="0.331">
    <failure message="1 expectation failed.&#10;JSON path &apos;error_description&apos; doesn&apos;t match.&#10;Expected: a string containing &quot;Unable to obtain a new access token for resource &apos;null&apos;. The provider manager is not configured to support it.&quot;&#10;  Actual: Unable to obtain a new access token for resource &amp;#39;null&amp;#39;. The provider manager is not configured to support it.&#10;" type="java.lang.AssertionError"><![CDATA[java.lang.AssertionError: 
1 expectation failed.
JSON path 'error_description' doesn't match.
Expected: a string containing "Unable to obtain a new access token for resource 'null'. The provider manager is not configured to support it."
  Actual: Unable to obtain a new access token for resource &#39;null&#39;. The provider manager is not configured to support it.

	at org.zalando.catwatch.backend.seed01_EvoMaster_others_Test.test_26(seed01_EvoMaster_others_Test.java:904)
]]></failure>
    <system-out><![CDATA[11:39:11.181 [http-nio-auto-4-exec-8] INFO  o.z.s.o.s.s.TokenInfoResourceServerTokenServices - Getting token info from: https://info.services.auth.zalando.com/oauth2/tokeninfo
Request method:	GET
Request URI:	http://localhost:43347/statistics/contributors?organizations=_EM_0_XYZ_&start_date=xUEXkh2vb9&EMextraParam123=_EM_2_XYZ_&access_token=m
Proxy:			<none>
Request params:	<none>
Query params:	<none>
Form params:	<none>
Path params:	<none>
Headers:		Accept=application/json
				x-EMextraHeader123=_EM_3_XYZ_
Cookies:		<none>
Multiparts:		<none>
Body:			<none>

HTTP/1.1 403 
X-Content-Type-Options: nosniff
X-XSS-Protection: 1; mode=block
Cache-Control: no-cache, no-store, max-age=0, must-revalidate
Pragma: no-cache
Expires: 0
X-Frame-Options: DENY
Cache-Control: no-store
Pragma: no-cache
WWW-Authenticate: Bearer realm="oauth2-resource"
Content-Type: application/json;charset=UTF-8
Transfer-Encoding: chunked
Date: Fri, 04 Apr 2025 14:39:11 GMT

{
    "error": "access_denied",
    "error_description": "Unable to obtain a new access token for resource &#39;null&#39;. The provider manager is not configured to support it."
}
]]></system-out>
  </testcase>
  <testcase name="test_26" classname="org.zalando.catwatch.backend.seed01_EvoMaster_others_Test" time="0.331"/>
  <testcase name="test_27" classname="org.zalando.catwatch.backend.seed01_EvoMaster_others_Test" time="0.356">
    <failure message="1 expectation failed.&#10;JSON path &apos;error_description&apos; doesn&apos;t match.&#10;Expected: a string containing &quot;Unable to obtain a new access token for resource &apos;null&apos;. The provider manager is not configured to support it.&quot;&#10;  Actual: Unable to obtain a new access token for resource &amp;#39;null&amp;#39;. The provider manager is not configured to support it.&#10;" type="java.lang.AssertionError"><![CDATA[java.lang.AssertionError: 
1 expectation failed.
JSON path 'error_description' doesn't match.
Expected: a string containing "Unable to obtain a new access token for resource 'null'. The provider manager is not configured to support it."
  Actual: Unable to obtain a new access token for resource &#39;null&#39;. The provider manager is not configured to support it.

	at org.zalando.catwatch.backend.seed01_EvoMaster_others_Test.test_27(seed01_EvoMaster_others_Test.java:920)
]]></failure>
    <system-out><![CDATA[11:39:11.524 [http-nio-auto-4-exec-9] INFO  o.z.s.o.s.s.TokenInfoResourceServerTokenServices - Getting token info from: https://info.services.auth.zalando.com/oauth2/tokeninfo
Request method:	GET
Request URI:	http://localhost:43347/init?access_token=HOvNkmxD
Proxy:			<none>
Request params:	<none>
Query params:	<none>
Form params:	<none>
Path params:	<none>
Headers:		Accept=application/json;charset=utf-8
				x-EMextraHeader123=_EM_240_XYZ_
Cookies:		<none>
Multiparts:		<none>
Body:			<none>

HTTP/1.1 403 
X-Content-Type-Options: nosniff
X-XSS-Protection: 1; mode=block
Cache-Control: no-cache, no-store, max-age=0, must-revalidate
Pragma: no-cache
Expires: 0
X-Frame-Options: DENY
Cache-Control: no-store
Pragma: no-cache
WWW-Authenticate: Bearer realm="oauth2-resource"
Content-Type: application/json;charset=UTF-8
Transfer-Encoding: chunked
Date: Fri, 04 Apr 2025 14:39:11 GMT

{
    "error": "access_denied",
    "error_description": "Unable to obtain a new access token for resource &#39;null&#39;. The provider manager is not configured to support it."
}
]]></system-out>
  </testcase>
  <testcase name="test_27" classname="org.zalando.catwatch.backend.seed01_EvoMaster_others_Test" time="0.356"/>
  <testcase name="test_28" classname="org.zalando.catwatch.backend.seed01_EvoMaster_others_Test" time="0.409">
    <failure message="1 expectation failed.&#10;JSON path &apos;error_description&apos; doesn&apos;t match.&#10;Expected: a string containing &quot;Unable to obtain a new access token for resource &apos;null&apos;. The provider manager is not configured to support it.&quot;&#10;  Actual: Unable to obtain a new access token for resource &amp;#39;null&amp;#39;. The provider manager is not configured to support it.&#10;" type="java.lang.AssertionError"><![CDATA[java.lang.AssertionError: 
1 expectation failed.
JSON path 'error_description' doesn't match.
Expected: a string containing "Unable to obtain a new access token for resource 'null'. The provider manager is not configured to support it."
  Actual: Unable to obtain a new access token for resource &#39;null&#39;. The provider manager is not configured to support it.

	at org.zalando.catwatch.backend.seed01_EvoMaster_others_Test.test_28(seed01_EvoMaster_others_Test.java:936)
]]></failure>
    <system-out><![CDATA[11:39:11.868 [http-nio-auto-4-exec-10] INFO  o.z.s.o.s.s.TokenInfoResourceServerTokenServices - Getting token info from: https://info.services.auth.zalando.com/oauth2/tokeninfo
Request method:	GET
Request URI:	http://localhost:43347/fetch?access_token=nvrMI1D1
Proxy:			<none>
Request params:	<none>
Query params:	<none>
Form params:	<none>
Path params:	<none>
Headers:		Accept=application/json;charset=utf-8
				x-EMextraHeader123=
Cookies:		<none>
Multiparts:		<none>
Body:			<none>

HTTP/1.1 403 
X-Content-Type-Options: nosniff
X-XSS-Protection: 1; mode=block
Cache-Control: no-cache, no-store, max-age=0, must-revalidate
Pragma: no-cache
Expires: 0
X-Frame-Options: DENY
Cache-Control: no-store
Pragma: no-cache
WWW-Authenticate: Bearer realm="oauth2-resource"
Content-Type: application/json;charset=UTF-8
Transfer-Encoding: chunked
Date: Fri, 04 Apr 2025 14:39:12 GMT

{
    "error": "access_denied",
    "error_description": "Unable to obtain a new access token for resource &#39;null&#39;. The provider manager is not configured to support it."
}
]]></system-out>
  </testcase>
  <testcase name="test_28" classname="org.zalando.catwatch.backend.seed01_EvoMaster_others_Test" time="0.409"/>
  <testcase name="test_29" classname="org.zalando.catwatch.backend.seed01_EvoMaster_others_Test" time="0.384">
    <failure message="1 expectation failed.&#10;JSON path &apos;error_description&apos; doesn&apos;t match.&#10;Expected: a string containing &quot;Unable to obtain a new access token for resource &apos;null&apos;. The provider manager is not configured to support it.&quot;&#10;  Actual: Unable to obtain a new access token for resource &amp;#39;null&amp;#39;. The provider manager is not configured to support it.&#10;" type="java.lang.AssertionError"><![CDATA[java.lang.AssertionError: 
1 expectation failed.
JSON path 'error_description' doesn't match.
Expected: a string containing "Unable to obtain a new access token for resource 'null'. The provider manager is not configured to support it."
  Actual: Unable to obtain a new access token for resource &#39;null&#39;. The provider manager is not configured to support it.

	at org.zalando.catwatch.backend.seed01_EvoMaster_others_Test.test_29(seed01_EvoMaster_others_Test.java:961)
]]></failure>
    <system-out><![CDATA[11:39:12.276 [http-nio-auto-4-exec-1] INFO  o.z.s.o.s.s.TokenInfoResourceServerTokenServices - Getting token info from: https://info.services.auth.zalando.com/oauth2/tokeninfo
Request method:	GET
Request URI:	http://localhost:43347/contributors?organizations=glpe5JhUa&limit=290&offset=706&start_date=H9bk4&end_date=SmI&sortBy=uNuvHkREKM&q=k81LxlsJcs3&EMextraParam123=_EM_20_XYZ_&access_token=z1LyUs
Proxy:			<none>
Request params:	<none>
Query params:	<none>
Form params:	<none>
Path params:	<none>
Headers:		Accept=application/json
				x-EMextraHeader123=
Cookies:		<none>
Multiparts:		<none>
Body:			<none>

HTTP/1.1 403 
X-Content-Type-Options: nosniff
X-XSS-Protection: 1; mode=block
Cache-Control: no-cache, no-store, max-age=0, must-revalidate
Pragma: no-cache
Expires: 0
X-Frame-Options: DENY
Cache-Control: no-store
Pragma: no-cache
WWW-Authenticate: Bearer realm="oauth2-resource"
Content-Type: application/json;charset=UTF-8
Transfer-Encoding: chunked
Date: Fri, 04 Apr 2025 14:39:12 GMT

{
    "error": "access_denied",
    "error_description": "Unable to obtain a new access token for resource &#39;null&#39;. The provider manager is not configured to support it."
}
]]></system-out>
  </testcase>
  <testcase name="test_29" classname="org.zalando.catwatch.backend.seed01_EvoMaster_others_Test" time="0.384"/>
  <testcase name="test_30" classname="org.zalando.catwatch.backend.seed01_EvoMaster_others_Test" time="0.333">
    <failure message="1 expectation failed.&#10;JSON path &apos;error_description&apos; doesn&apos;t match.&#10;Expected: a string containing &quot;Unable to obtain a new access token for resource &apos;null&apos;. The provider manager is not configured to support it.&quot;&#10;  Actual: Unable to obtain a new access token for resource &amp;#39;null&amp;#39;. The provider manager is not configured to support it.&#10;" type="java.lang.AssertionError"><![CDATA[java.lang.AssertionError: 
1 expectation failed.
JSON path 'error_description' doesn't match.
Expected: a string containing "Unable to obtain a new access token for resource 'null'. The provider manager is not configured to support it."
  Actual: Unable to obtain a new access token for resource &#39;null&#39;. The provider manager is not configured to support it.

	at org.zalando.catwatch.backend.seed01_EvoMaster_others_Test.test_30(seed01_EvoMaster_others_Test.java:979)
]]></failure>
    <system-out><![CDATA[11:39:12.661 [http-nio-auto-4-exec-2] INFO  o.z.s.o.s.s.TokenInfoResourceServerTokenServices - Getting token info from: https://info.services.auth.zalando.com/oauth2/tokeninfo
Request method:	GET
Request URI:	http://localhost:43347/statistics?EMextraParam123=_EM_41_XYZ_&access_token=YIzCbG_L
Proxy:			<none>
Request params:	<none>
Query params:	<none>
Form params:	<none>
Path params:	<none>
Headers:		Accept=application/json
				x-EMextraHeader123=
Cookies:		<none>
Multiparts:		<none>
Body:			<none>

HTTP/1.1 403 
X-Content-Type-Options: nosniff
X-XSS-Protection: 1; mode=block
Cache-Control: no-cache, no-store, max-age=0, must-revalidate
Pragma: no-cache
Expires: 0
X-Frame-Options: DENY
Cache-Control: no-store
Pragma: no-cache
WWW-Authenticate: Bearer realm="oauth2-resource"
Content-Type: application/json;charset=UTF-8
Transfer-Encoding: chunked
Date: Fri, 04 Apr 2025 14:39:12 GMT

{
    "error": "access_denied",
    "error_description": "Unable to obtain a new access token for resource &#39;null&#39;. The provider manager is not configured to support it."
}
]]></system-out>
  </testcase>
  <testcase name="test_30" classname="org.zalando.catwatch.backend.seed01_EvoMaster_others_Test" time="0.333"/>
  <testcase name="test_31" classname="org.zalando.catwatch.backend.seed01_EvoMaster_others_Test" time="0.382">
    <failure message="1 expectation failed.&#10;JSON path &apos;error_description&apos; doesn&apos;t match.&#10;Expected: a string containing &quot;Unable to obtain a new access token for resource &apos;null&apos;. The provider manager is not configured to support it.&quot;&#10;  Actual: Unable to obtain a new access token for resource &amp;#39;null&amp;#39;. The provider manager is not configured to support it.&#10;" type="java.lang.AssertionError"><![CDATA[java.lang.AssertionError: 
1 expectation failed.
JSON path 'error_description' doesn't match.
Expected: a string containing "Unable to obtain a new access token for resource 'null'. The provider manager is not configured to support it."
  Actual: Unable to obtain a new access token for resource &#39;null&#39;. The provider manager is not configured to support it.

	at org.zalando.catwatch.backend.seed01_EvoMaster_others_Test.test_31(seed01_EvoMaster_others_Test.java:995)
]]></failure>
    <system-out><![CDATA[11:39:12.993 [http-nio-auto-4-exec-3] INFO  o.z.s.o.s.s.TokenInfoResourceServerTokenServices - Getting token info from: https://info.services.auth.zalando.com/oauth2/tokeninfo
Request method:	GET
Request URI:	http://localhost:43347/delete?access_token=rRZM0umMw9
Proxy:			<none>
Request params:	<none>
Query params:	<none>
Form params:	<none>
Path params:	<none>
Headers:		Accept=application/json;charset=utf-8
				x-EMextraHeader123=_EM_23_XYZ_
Cookies:		<none>
Multiparts:		<none>
Body:			<none>

HTTP/1.1 403 
X-Content-Type-Options: nosniff
X-XSS-Protection: 1; mode=block
Cache-Control: no-cache, no-store, max-age=0, must-revalidate
Pragma: no-cache
Expires: 0
X-Frame-Options: DENY
Cache-Control: no-store
Pragma: no-cache
WWW-Authenticate: Bearer realm="oauth2-resource"
Content-Type: application/json;charset=UTF-8
Transfer-Encoding: chunked
Date: Fri, 04 Apr 2025 14:39:13 GMT

{
    "error": "access_denied",
    "error_description": "Unable to obtain a new access token for resource &#39;null&#39;. The provider manager is not configured to support it."
}
]]></system-out>
  </testcase>
  <testcase name="test_31" classname="org.zalando.catwatch.backend.seed01_EvoMaster_others_Test" time="0.382"/>
  <testcase name="test_32" classname="org.zalando.catwatch.backend.seed01_EvoMaster_others_Test" time="0.332">
    <failure message="1 expectation failed.&#10;JSON path &apos;error_description&apos; doesn&apos;t match.&#10;Expected: a string containing &quot;Unable to obtain a new access token for resource &apos;null&apos;. The provider manager is not configured to support it.&quot;&#10;  Actual: Unable to obtain a new access token for resource &amp;#39;null&amp;#39;. The provider manager is not configured to support it.&#10;" type="java.lang.AssertionError"><![CDATA[java.lang.AssertionError: 
1 expectation failed.
JSON path 'error_description' doesn't match.
Expected: a string containing "Unable to obtain a new access token for resource 'null'. The provider manager is not configured to support it."
  Actual: Unable to obtain a new access token for resource &#39;null&#39;. The provider manager is not configured to support it.

	at org.zalando.catwatch.backend.seed01_EvoMaster_others_Test.test_32(seed01_EvoMaster_others_Test.java:1016)
]]></failure>
    <system-out><![CDATA[11:39:13.375 [http-nio-auto-4-exec-4] INFO  o.z.s.o.s.s.TokenInfoResourceServerTokenServices - Getting token info from: https://info.services.auth.zalando.com/oauth2/tokeninfo
Request method:	GET
Request URI:	http://localhost:43347/statistics/languages?organizations=l87&start_date=_EM_4_XYZ_&end_date=_EM_5_XYZ_&EMextraParam123=_EM_6_XYZ_&access_token=SQccnpemvpBFc6Sf
Proxy:			<none>
Request params:	<none>
Query params:	<none>
Form params:	<none>
Path params:	<none>
Headers:		Accept=application/json
				x-EMextraHeader123=
Cookies:		<none>
Multiparts:		<none>
Body:			<none>

HTTP/1.1 403 
X-Content-Type-Options: nosniff
X-XSS-Protection: 1; mode=block
Cache-Control: no-cache, no-store, max-age=0, must-revalidate
Pragma: no-cache
Expires: 0
X-Frame-Options: DENY
Cache-Control: no-store
Pragma: no-cache
WWW-Authenticate: Bearer realm="oauth2-resource"
Content-Type: application/json;charset=UTF-8
Transfer-Encoding: chunked
Date: Fri, 04 Apr 2025 14:39:13 GMT

{
    "error": "access_denied",
    "error_description": "Unable to obtain a new access token for resource &#39;null&#39;. The provider manager is not configured to support it."
}
]]></system-out>
  </testcase>
  <testcase name="test_32" classname="org.zalando.catwatch.backend.seed01_EvoMaster_others_Test" time="0.332"/>
  <testcase name="test_33" classname="org.zalando.catwatch.backend.seed01_EvoMaster_others_Test" time="0.293">
    <failure message="1 expectation failed.&#10;JSON path &apos;error_description&apos; doesn&apos;t match.&#10;Expected: a string containing &quot;Unable to obtain a new access token for resource &apos;null&apos;. The provider manager is not configured to support it.&quot;&#10;  Actual: Unable to obtain a new access token for resource &amp;#39;null&amp;#39;. The provider manager is not configured to support it.&#10;" type="java.lang.AssertionError"><![CDATA[java.lang.AssertionError: 
1 expectation failed.
JSON path 'error_description' doesn't match.
Expected: a string containing "Unable to obtain a new access token for resource 'null'. The provider manager is not configured to support it."
  Actual: Unable to obtain a new access token for resource &#39;null&#39;. The provider manager is not configured to support it.

	at org.zalando.catwatch.backend.seed01_EvoMaster_others_Test.test_33(seed01_EvoMaster_others_Test.java:1032)
]]></failure>
    <system-out><![CDATA[11:39:13.707 [http-nio-auto-4-exec-5] INFO  o.z.s.o.s.s.TokenInfoResourceServerTokenServices - Getting token info from: https://info.services.auth.zalando.com/oauth2/tokeninfo
Request method:	GET
Request URI:	http://localhost:43347/config?access_token=_EM_400_XYZ_
Proxy:			<none>
Request params:	<none>
Query params:	<none>
Form params:	<none>
Path params:	<none>
Headers:		Accept=application/json
				x-EMextraHeader123=
Cookies:		<none>
Multiparts:		<none>
Body:			<none>

HTTP/1.1 403 
X-Content-Type-Options: nosniff
X-XSS-Protection: 1; mode=block
Cache-Control: no-cache, no-store, max-age=0, must-revalidate
Pragma: no-cache
Expires: 0
X-Frame-Options: DENY
Cache-Control: no-store
Pragma: no-cache
WWW-Authenticate: Bearer realm="oauth2-resource"
Content-Type: application/json;charset=UTF-8
Transfer-Encoding: chunked
Date: Fri, 04 Apr 2025 14:39:13 GMT

{
    "error": "access_denied",
    "error_description": "Unable to obtain a new access token for resource &#39;null&#39;. The provider manager is not configured to support it."
}
]]></system-out>
  </testcase>
  <testcase name="test_33" classname="org.zalando.catwatch.backend.seed01_EvoMaster_others_Test" time="0.293"/>
  <testcase name="test_15" classname="org.zalando.catwatch.backend.seed01_EvoMaster_others_Test" time="0.012"/>
  <testcase name="test_16" classname="org.zalando.catwatch.backend.seed01_EvoMaster_others_Test" time="0.018"/>
  <testcase name="test_11" classname="org.zalando.catwatch.backend.seed01_EvoMaster_others_Test" time="0.014"/>
  <testcase name="test_6" classname="org.zalando.catwatch.backend.seed01_EvoMaster_others_Test" time="0.33"/>
  <testcase name="test_13" classname="org.zalando.catwatch.backend.seed01_EvoMaster_others_Test" time="0.014"/>
  <testcase name="test_10" classname="org.zalando.catwatch.backend.seed01_EvoMaster_others_Test" time="0.337"/>
  <testcase name="test_7" classname="org.zalando.catwatch.backend.seed01_EvoMaster_others_Test" time="0.31"/>
  <testcase name="test_14" classname="org.zalando.catwatch.backend.seed01_EvoMaster_others_Test" time="0.014"/>
</testsuite>