-------------------------------------------------------------------------------
Test set: em.embedded.market.seed01_EvoMaster_others_Test
-------------------------------------------------------------------------------
Tests run: 18, Failures: 3, Errors: 0, Skipped: 0, Time elapsed: 4.756 s <<< FAILURE! - in em.embedded.market.seed01_EvoMaster_others_Test
test_14  Time elapsed: 0.154 s  <<< FAILURE!
java.lang.AssertionError: 
1 expectation failed.
JSON path 'fieldErrors'[0].'field' doesn't match.
Expected: a string containing "phone"
  Actual: address

	at em.embedded.market.seed01_EvoMaster_others_Test.test_14(seed01_EvoMaster_others_Test.java:737)

test_16  Time elapsed: 0.269 s  <<< FAILURE!
java.lang.AssertionError: 
1 expectation failed.
JSON path 'fieldErrors'[0].'message' doesn't match.
Expected: a string containing "Card number shall consist of 13-16 digits"
  Actual: The value shall not be empty

	at em.embedded.market.seed01_EvoMaster_others_Test.test_16(seed01_EvoMaster_others_Test.java:865)

test_6  Time elapsed: 0.203 s  <<< FAILURE!
java.lang.AssertionError: 
1 expectation failed.
Expected status code <401> but was <200>.

	at em.embedded.market.seed01_EvoMaster_others_Test.test_6(seed01_EvoMaster_others_Test.java:264)

